{"uid":"20f2843a26cc9c20","name":"test_NAF_12_1_0_View_All_Communities","fullName":"tests.test_12_CMS_Communities#test_NAF_12_1_0_View_All_Communities","historyId":"cc13e6428b238aa4b952a7083d41c737","time":{"start":1762799903583,"stop":1762799929860,"duration":26277},"description":"\nTest Case 224: Verify Community Groups Visibility in CMS\n\nTest Steps:\n1. Launch the browser\n2. Login as admin user\n3. Navigate to Postpartum community page\n4. Verify visibility of all community groups\n5. Check each community individually (Pregnant, Trying to Conceive, Postpartum)\n","descriptionHtml":"<p>Test Case 224: Verify Community Groups Visibility in CMS</p>\n<p>Test Steps:</p>\n<ol>\n<li>Launch the browser</li>\n<li>Login as admin user</li>\n<li>Navigate to Postpartum community page</li>\n<li>Verify visibility of all community groups</li>\n<li>Check each community individually (Pregnant, Trying to Conceive, Postpartum)</li>\n</ol>\n","status":"failed","statusMessage":"AssertionError: Locator expected to be visible\nActual value: <element(s) not found> \nCall log:\n  - Expect \"to_be_visible\" with timeout 10000ms\n  - waiting for get_by_text(\"PostpartumCreate\")","statusTrace":"@allure.feature(\"12.0.0 CMS Communities\")\n    @allure.epic(\"Web CMS Testing\")\n    @allure.story(\"12.1.0 View All Communities\")\n    @allure.severity(allure.severity_level.NORMAL)\n    @allure.link(\"https://app.qase.io/case/NAF-224\", name=\"Qase: NAF-224\")\n    @allure.description(\"\"\"\n    Test Case 224: Verify Community Groups Visibility in CMS\n    \n    Test Steps:\n    1. Launch the browser\n    2. Login as admin user\n    3. Navigate to Postpartum community page\n    4. Verify visibility of all community groups\n    5. Check each community individually (Pregnant, Trying to Conceive, Postpartum)\n    \"\"\")\n    def test_NAF_12_1_0_View_All_Communities():\n        with LambdaTestBrowser(test_name=\"test_12_1_0_View_All_Communities\") as page:\n    \n            # Login using the existing login class\n            login_page = LoginPage(page)\n            login_page.loginDev(admin_user, admin_pw)\n    \n            # Navigate to the Postpartum community page\n            community_page = CommunityPage(page)\n            community_page.go_to_postpartum_community()\n    \n            # Verify the visibility of all community groups\n            community_page.verify_communities_visibility()\n    \n            # Check each community individually\n            community_page.check_pregnant_community()\n            community_page.check_trying_to_conceive_community()\n>           community_page.check_postpartum_community()\n\ntests/test_12_CMS_Communities.py:43: \n_ _ _ _ _ _ _ _ _ _ _ _ _ _ _ _ _ _ _ _ _ _ _ _ _ _ _ _ _ _ _ _ _ _ _ _ _ _ _ _ \n\nself = <pages.CommunityPage.CommunityPage object at 0x7fa036567a00>\n\n    def check_postpartum_community(self):\n        \"\"\"Check visibility and elements in Postpartum community.\"\"\"\n        self.page.get_by_role(\"link\", name=\"Postpartum\").click()\n>       expect(self.page.get_by_text(\"PostpartumCreate\")).to_be_visible(timeout=10000)\nE       AssertionError: Locator expected to be visible\nE       Actual value: <element(s) not found> \nE       Call log:\nE         - Expect \"to_be_visible\" with timeout 10000ms\nE         - waiting for get_by_text(\"PostpartumCreate\")\n\npages/CommunityPage.py:74: AssertionError","flaky":false,"newFailed":false,"newBroken":false,"newPassed":false,"retriesCount":0,"retriesStatusChange":false,"beforeStages":[{"name":"base_url","time":{"start":1762799525276,"stop":1762799525276,"duration":0},"status":"passed","steps":[],"attachments":[],"parameters":[],"shouldDisplayMessage":false,"stepsCount":0,"attachmentsCount":0,"hasContent":false,"attachmentStep":false},{"name":"delete_output_dir","time":{"start":1762799525276,"stop":1762799525276,"duration":0},"status":"passed","steps":[],"attachments":[],"parameters":[],"shouldDisplayMessage":false,"stepsCount":0,"attachmentsCount":0,"hasContent":false,"attachmentStep":false},{"name":"_verify_url","time":{"start":1762799525276,"stop":1762799525276,"duration":0},"status":"passed","steps":[],"attachments":[],"parameters":[],"shouldDisplayMessage":false,"stepsCount":0,"attachmentsCount":0,"hasContent":false,"attachmentStep":false},{"name":"pytestconfig","time":{"start":1762799525276,"stop":1762799525276,"duration":0},"status":"passed","steps":[],"attachments":[],"parameters":[],"shouldDisplayMessage":false,"stepsCount":0,"attachmentsCount":0,"hasContent":false,"attachmentStep":false}],"afterStages":[],"labels":[{"name":"feature","value":"12.0.0 CMS Communities"},{"name":"story","value":"12.1.0 View All Communities"},{"name":"severity","value":"normal"},{"name":"epic","value":"Web CMS Testing"},{"name":"parentSuite","value":"tests"},{"name":"suite","value":"test_12_CMS_Communities"},{"name":"host","value":"runnervmw9dnm"},{"name":"thread","value":"2991-MainThread"},{"name":"framework","value":"pytest"},{"name":"language","value":"cpython3"},{"name":"package","value":"tests.test_12_CMS_Communities"},{"name":"feature","value":"12.0.0 CMS Communities"},{"name":"story","value":"12.1.0 View All Communities"},{"name":"severity","value":"normal"},{"name":"epic","value":"Web CMS Testing"},{"name":"host","value":"runnervmw9dnm"},{"name":"thread","value":"2991-MainThread"},{"name":"framework","value":"pytest"},{"name":"language","value":"cpython3"},{"name":"package","value":"tests.test_12_CMS_Communities"},{"name":"resultFormat","value":"allure2"}],"parameters":[],"links":[{"name":"Qase: NAF-224","url":"https://app.qase.io/case/NAF-224","type":"link"},{"name":"Qase: NAF-224","url":"https://app.qase.io/case/NAF-224","type":"link"}],"hidden":false,"retry":false,"extra":{"severity":"normal","retries":[],"categories":[{"name":"Product defects","matchedStatuses":[],"flaky":false}],"tags":[]},"source":"20f2843a26cc9c20.json","parameterValues":[]}